<?xml version="1.0" encoding="UTF-8"?>
<!-- Generated by org.testng.reporters.JUnitReportReporter -->
<testsuite hostname="BETW46ZLPC1134" failures="0" tests="1" name="Modules.Regression.TestScript.extentreport" time="2.444" errors="0" timestamp="2024-01-29T10:05:00 IST" skipped="0">
  <testcase classname="Modules.Regression.TestScript.extentreport" name="extentTest" time="2.444"/>
  <system-out/>
</testsuite> <!-- Modules.Regression.TestScript.extentreport -->
