<?xml version="1.0" encoding="UTF-8"?>
<!-- Generated by org.testng.reporters.JUnitReportReporter -->
<testsuite hostname="RAGIW49Z0064" failures="0" tests="1" name="com.zensar.automation.framework.driver.MobileDriver" time="182.211" errors="0" timestamp="09 Sep 2024 09:47:22 GMT" skipped="0">
  <testcase classname="com.zensar.automation.framework.driver.MobileDriver" name="test" time="182.211"/>
</testsuite> <!-- com.zensar.automation.framework.driver.MobileDriver -->
